[2026-05-18T18:57:39Z] fetch_jobs: scraper error for Acciyo (bamboo/www): BambooHR request failed for www: Client error '403 Forbidden' for url 'https://www.bamboohr.com/careers/list'
For more information check: https://developer.mozilla.org/en-US/docs/Web/HTTP/Status/403
[2026-05-18T18:57:43Z] fetch_jobs: scraper error for Aktana (bamboo/aktana): BambooHR request failed for aktana: Client error '403 Forbidden' for url 'https://www.bamboohr.com'
For more information check: https://developer.mozilla.org/en-US/docs/Web/HTTP/Status/403
[2026-05-18T18:57:46Z] fetch_jobs: scraper error for AndPlus (bamboo/andplus): BambooHR request failed for andplus: Client error '403 Forbidden' for url 'https://www.bamboohr.com'
For more information check: https://developer.mozilla.org/en-US/docs/Web/HTTP/Status/403
[2026-05-18T18:57:53Z] fetch_jobs: scraper error for BambooHR (bamboo/www): BambooHR request failed for www: Client error '403 Forbidden' for url 'https://www.bamboohr.com/careers/list'
For more information check: https://developer.mozilla.org/en-US/docs/Web/HTTP/Status/403
[2026-05-18T18:59:08Z] fetch_jobs: scraper error for Finitive (bamboo/finitive): BambooHR request failed for finitive: Client error '403 Forbidden' for url 'https://www.bamboohr.com'
For more information check: https://developer.mozilla.org/en-US/docs/Web/HTTP/Status/403
[2026-05-18T18:59:52Z] fetch_jobs: scraper error for KIXEYE (bamboo/kixeye): BambooHR request failed for kixeye: Client error '403 Forbidden' for url 'https://www.bamboohr.com'
For more information check: https://developer.mozilla.org/en-US/docs/Web/HTTP/Status/403
[2026-05-18T19:00:05Z] fetch_jobs: scraper error for Markaz Technologies (bamboo/markaztechnologies): BambooHR request failed for markaztechnologies: Client error '403 Forbidden' for url 'https://www.bamboohr.com'
For more information check: https://developer.mozilla.org/en-US/docs/Web/HTTP/Status/403
[2026-05-18T19:00:12Z] fetch_jobs: scraper error for Montoux (bamboo/montoux): BambooHR request failed for montoux: Client error '403 Forbidden' for url 'https://www.bamboohr.com'
For more information check: https://developer.mozilla.org/en-US/docs/Web/HTTP/Status/403
[2026-05-18T19:00:15Z] fetch_jobs: scraper error for NantOmics (workday/nant/wd5/Nant): Workday request failed for nant/wd5/Nant: Client error '403 Forbidden' for url 'https://nant.wd5.myworkdayjobs.com/wday/cxs/nant/Nant/jobs'
For more information check: https://developer.mozilla.org/en-US/docs/Web/HTTP/Status/403
[2026-05-18T19:00:20Z] fetch_jobs: scraper error for Microsoft (eightfold/apply.careers.microsoft.com|microsoft.com): Eightfold request failed for apply.careers.microsoft.com|microsoft.com: Client error '429 TOO MANY REQUESTS' for url 'https://apply.careers.microsoft.com/api/pcsx/search?domain=microsoft.com&start=280&num=20'
For more information check: https://developer.mozilla.org/en-US/docs/Web/HTTP/Status/429
[2026-05-18T19:00:34Z] fetch_jobs: scraper error for PlushCare (workday/osv-accolade/wd5/External_Careers): Workday request failed for osv-accolade/wd5/External_Careers: Client error '422 Unprocessable Entity' for url 'https://osv-accolade.wd5.myworkdayjobs.com/wday/cxs/osv-accolade/External_Careers/jobs'
For more information check: https://developer.mozilla.org/en-US/docs/Web/HTTP/Status/422
[2026-05-18T19:00:41Z] fetch_jobs: scraper error for Quantropi (bamboo/quantropi): BambooHR request failed for quantropi: Client error '403 Forbidden' for url 'https://www.bamboohr.com'
For more information check: https://developer.mozilla.org/en-US/docs/Web/HTTP/Status/403
[2026-05-18T19:01:00Z] fetch_jobs: scraper error for SecureSave (breezy/securesave): Breezy request failed for securesave: Client error '403 Forbidden' for url 'https://breezy.hr/'
For more information check: https://developer.mozilla.org/en-US/docs/Web/HTTP/Status/403
[2026-05-18T19:01:12Z] fetch_jobs: scraper error for Smartwaiver (bamboo/3pointdev): BambooHR request failed for 3pointdev: Client error '403 Forbidden' for url 'https://www.bamboohr.com'
For more information check: https://developer.mozilla.org/en-US/docs/Web/HTTP/Status/403
[2026-05-18T19:01:34Z] fetch_jobs: scraper error for Terapify (bamboo/terapify): BambooHR request failed for terapify: Client error '403 Forbidden' for url 'https://www.bamboohr.com'
For more information check: https://developer.mozilla.org/en-US/docs/Web/HTTP/Status/403
[2026-05-18T19:01:37Z] fetch_jobs: scraper error for Thinkful (workday/osv-chegg/wd5/Chegg): Workday request failed for osv-chegg/wd5/Chegg: Client error '422 Unprocessable Entity' for url 'https://osv-chegg.wd5.myworkdayjobs.com/wday/cxs/osv-chegg/Chegg/jobs'
For more information check: https://developer.mozilla.org/en-US/docs/Web/HTTP/Status/422
[2026-05-18T19:01:37Z] fetch_jobs: scraper error for ThreatX (workday/osv-a10networks/wd503/A10CareerSite): Workday request failed for osv-a10networks/wd503/A10CareerSite: Client error '422 Unprocessable Entity' for url 'https://osv-a10networks.wd503.myworkdayjobs.com/wday/cxs/osv-a10networks/A10CareerSite/jobs'
For more information check: https://developer.mozilla.org/en-US/docs/Web/HTTP/Status/422
[2026-05-18T19:01:38Z] fetch_jobs: scraper error for Touchcast (bamboo/touchcast): BambooHR request failed for touchcast: Client error '403 Forbidden' for url 'https://www.bamboohr.com'
For more information check: https://developer.mozilla.org/en-US/docs/Web/HTTP/Status/403
